\BOOKMARK [0][-]{chapter*.1}{\376\377\144\130\211\201}{}% 1
\BOOKMARK [0][-]{chapter*.2}{\376\377\166\356\223\004}{}% 2
\BOOKMARK [0][-]{chapter*.3}{\376\377\210\150\166\356\223\004}{}% 3
\BOOKMARK [0][-]{chapter*.4}{\376\377\127\026\166\356\223\004}{}% 4
\BOOKMARK [0][-]{chapter.1}{\376\377\122\115\212\000}{}% 5
\BOOKMARK [0][-]{chapter.2}{\376\377\123\357\145\034\172\013\137\017\174\373\175\161\116\313\175\071}{}% 6
\BOOKMARK [1][-]{section.2.1}{\376\377\125\137\122\325\202\007\225\334\225\211}{chapter.2}% 7
\BOOKMARK [1][-]{section.2.2}{\376\377\125\137\122\325\202\007\225\334\225\211\0002}{chapter.2}% 8
\BOOKMARK [0][-]{chapter.3}{\376\377\000C\000a\000l\000c\000u\000l\000a\000t\000o\000r\000\040\172\013\137\017}{}% 9
\BOOKMARK [1][-]{section.3.1}{\376\377\136\372\172\313\134\015\212\161\150\106}{chapter.3}% 10
\BOOKMARK [1][-]{section.3.2}{\376\377\136\372\172\313\143\011\222\025}{chapter.3}% 11
\BOOKMARK [1][-]{section.3.3}{\376\377\136\372\172\313\172\013\137\017\170\274}{chapter.3}% 12
\BOOKMARK [0][-]{chapter.4}{\376\377\000P\000y\000t\000h\000o\000n\000\040\172\013\137\017\212\236\154\325}{}% 13
\BOOKMARK [1][-]{section.4.1}{\376\377\213\212\145\170\124\175\124\015}{chapter.4}% 14
\BOOKMARK [1][-]{section.4.2}{\376\377\000p\000r\000i\000n\000t\000\040\121\375\137\017}{chapter.4}% 15
\BOOKMARK [1][-]{section.4.3}{\376\377\221\315\211\007\217\364\127\010}{chapter.4}% 16
\BOOKMARK [1][-]{section.4.4}{\376\377\122\044\145\267\137\017}{chapter.4}% 17
\BOOKMARK [1][-]{section.4.5}{\376\377\145\170\122\027}{chapter.4}% 18
\BOOKMARK [0][-]{chapter.5}{\376\377\000P\000y\000Q\000t\0005\000\040\174\041\116\313}{}% 19
\BOOKMARK [1][-]{section.5.1}{\376\377\000P\000y\000Q\000t\0005\000\040\147\266\151\313}{chapter.5}% 20
\BOOKMARK [0][-]{chapter.6}{\376\377\137\303\137\227}{}% 21
\BOOKMARK [1][-]{section.6.1}{\376\377\000F\000o\000s\000s\000i\000l\000\040\000S\000C\000M}{chapter.6}% 22
\BOOKMARK [1][-]{section.6.2}{\376\377\175\262\212\214\137\303\137\227}{chapter.6}% 23
\BOOKMARK [1][-]{section.6.3}{\376\377\000G\000i\000t\000h\000u\000b\000\040\123\124\124\014\120\011\121\062}{chapter.6}% 24
\BOOKMARK [1][-]{section.6.4}{\376\377\133\170\124\341\137\303\137\227}{chapter.6}% 25
\BOOKMARK [1][-]{section.6.5}{\376\377\212\252\146\016\124\004\133\170\124\341\116\373\122\331\202\007\127\367\210\114\220\116\172\013}{chapter.6}% 26
\BOOKMARK [0][-]{chapter.7}{\376\377\175\120\212\326}{}% 27
\BOOKMARK [0][-]{chapter.8}{\376\377\123\303\200\003\145\207\163\173}{}% 28
